=========================
Fcitx 4.99.0 -- Get Signal No.: 6
Date: try "date -d @1538472272" if you are using GNU date ***
ProcessID: 907
/usr/bin/fcitx5(+0xa666)[0x55d2a5d76666]
/usr/lib/libc.so.6(+0x37e00)[0x7fde8b3a7e00]
/usr/lib/libc.so.6(gsignal+0x10f)[0x7fde8b3a7d7f]
/usr/lib/libc.so.6(abort+0x125)[0x7fde8b392672]
/usr/lib/libstdc++.so.6(+0x8958e)[0x7fde8b5d958e]
/usr/lib/libstdc++.so.6(+0x8fdfa)[0x7fde8b5dfdfa]
/usr/lib/libstdc++.so.6(+0x8edca)[0x7fde8b5dedca]
/usr/lib/libstdc++.so.6(__gxx_personality_v0+0x301)[0x7fde8b5df7a1]
/usr/lib/libgcc_s.so.1(+0x10de3)[0x7fde8b544de3]
/usr/lib/libgcc_s.so.1(_Unwind_Resume+0x12d)[0x7fde8b54571d]
/usr/lib/librime.so.1(+0xb89a0)[0x7fde84d389a0]
/usr/lib/librime.so.1(RimeFinalize+0xa)[0x7fde84d5014a]
/usr/lib/fcitx5/rime.so(+0x9eac)[0x7fde84f43eac]
/usr/lib/fcitx5/rime.so(+0x9f39)[0x7fde84f43f39]
/usr/lib/libFcitx5Core.so.5(_ZN5fcitx12AddonManager6unloadEv+0x34d)[0x7fde8b849aad]
/usr/lib/libFcitx5Core.so.5(_ZN5fcitx8InstanceD1Ev+0x36)[0x7fde8b829c16]
/usr/bin/fcitx5(+0x9401)[0x55d2a5d75401]
/usr/lib/libc.so.6(__libc_start_main+0xf3)[0x7fde8b394223]
/usr/bin/fcitx5(+0x9b0e)[0x55d2a5d75b0e]
